<?xml version="1.0" encoding="utf-8"?><testsuites name="pytest tests"><testsuite name="pytest" errors="0" failures="0" skipped="1" tests="14" time="2.527" timestamp="2026-01-09T00:48:31.154482+00:00" hostname="agent-env-e01e757f-6126-4475-b991-0686388d2b29"><testcase classname="tests.test_new_features_iter6.TestAuth" name="test_login_success" time="0.286" /><testcase classname="tests.test_new_features_iter6.TestDeleteMessageAPI" name="test_delete_own_message" time="0.457" /><testcase classname="tests.test_new_features_iter6.TestDeleteMessageAPI" name="test_delete_nonexistent_message" time="0.037" /><testcase classname="tests.test_new_features_iter6.TestDeleteMessageAPI" name="test_admin_can_delete_any_message" time="0.081" /><testcase classname="tests.test_new_features_iter6.TestAICallCoachingAPI" name="test_coaching_nonexistent_call" time="0.341" /><testcase classname="tests.test_new_features_iter6.TestAICallCoachingAPI" name="test_coaching_call_without_transcript" time="0.111"><skipped type="pytest.skip" message="Could not create test call log">/app/tests/test_new_features_iter6.py:211: Could not create test call log</skipped></testcase><testcase classname="tests.test_new_features_iter6.TestAICallCoachingAPI" name="test_coaching_endpoint_exists" time="0.034" /><testcase classname="tests.test_new_features_iter6.TestTeamCoachingInsightsAPI" name="test_team_insights_endpoint_exists" time="0.295" /><testcase classname="tests.test_new_features_iter6.TestTeamCoachingInsightsAPI" name="test_team_insights_with_days_param" time="0.076" /><testcase classname="tests.test_new_features_iter6.TestTeamCoachingInsightsAPI" name="test_team_insights_response_structure" time="0.040" /><testcase classname="tests.test_new_features_iter6.TestChatMessagesAPI" name="test_get_channels" time="0.294" /><testcase classname="tests.test_new_features_iter6.TestChatMessagesAPI" name="test_send_message" time="0.071" /><testcase classname="tests.test_new_features_iter6.TestCallLogsAPI" name="test_get_call_logs" time="0.297" /><testcase classname="tests.test_new_features_iter6.TestCallLogsAPI" name="test_get_call_stats" time="0.040" /></testsuite></testsuites>