<?xml version="1.0" encoding="utf-8"?><testsuites name="pytest tests"><testsuite name="pytest" errors="0" failures="0" skipped="0" tests="10" time="2.172" timestamp="2026-01-09T01:37:22.849247+00:00" hostname="agent-env-e01e757f-6126-4475-b991-0686388d2b29"><testcase classname="tests.test_new_features_iter8.TestAuth" name="test_login_success" time="0.340" /><testcase classname="tests.test_new_features_iter8.TestEmailTrackingStats" name="test_get_email_tracking_stats" time="0.326" /><testcase classname="tests.test_new_features_iter8.TestEmailTrackingStats" name="test_get_email_tracking_stats_with_days_param" time="0.043" /><testcase classname="tests.test_new_features_iter8.TestEmailTrackingStats" name="test_get_email_tracking_stats_with_90_days" time="0.041" /><testcase classname="tests.test_new_features_iter8.TestEmailSequences" name="test_get_sequences" time="0.294" /><testcase classname="tests.test_new_features_iter8.TestPipelineForecasting" name="test_get_pipeline_forecast" time="0.301" /><testcase classname="tests.test_new_features_iter8.TestDealAnalysis" name="test_analyze_deal_with_valid_lead" time="0.379" /><testcase classname="tests.test_new_features_iter8.TestDealAnalysis" name="test_analyze_deal_with_invalid_lead" time="0.036" /><testcase classname="tests.test_new_features_iter8.TestLeadsAPI" name="test_get_leads" time="0.298" /><testcase classname="tests.test_new_features_iter8.TestHealthCheck" name="test_api_accessible" time="0.039" /></testsuite></testsuites>