<?xml version="1.0" encoding="utf-8"?><testsuites name="pytest tests"><testsuite name="pytest" errors="0" failures="0" skipped="0" tests="15" time="21.559" timestamp="2026-01-09T00:29:09.149807+00:00" hostname="agent-env-e01e757f-6126-4475-b991-0686388d2b29"><testcase classname="tests.test_leadgen_features.TestAuthAndSetup" name="test_admin_login" time="0.286" /><testcase classname="tests.test_leadgen_features.TestAuthAndSetup" name="test_admin_user_info" time="0.038" /><testcase classname="tests.test_leadgen_features.TestAdminLeadVisibility" name="test_admin_can_get_all_leads" time="0.300" /><testcase classname="tests.test_leadgen_features.TestAdminLeadVisibility" name="test_admin_create_lead" time="0.048" /><testcase classname="tests.test_leadgen_features.TestAdminLeadVisibility" name="test_admin_can_see_created_lead" time="7.412" /><testcase classname="tests.test_leadgen_features.TestCallDispositionAPI" name="test_get_disposition_options" time="0.313" /><testcase classname="tests.test_leadgen_features.TestCallDispositionAPI" name="test_update_disposition_nonexistent_call" time="0.034" /><testcase classname="tests.test_leadgen_features.TestCallDispositionAPI" name="test_create_call_log_and_update_disposition" time="0.073" /><testcase classname="tests.test_leadgen_features.TestBulkLeadOperations" name="test_bulk_assign_leads" time="11.688" /><testcase classname="tests.test_leadgen_features.TestBulkLeadOperations" name="test_bulk_assign_invalid_user" time="0.032" /><testcase classname="tests.test_leadgen_features.TestBulkLeadOperations" name="test_get_sequences" time="0.034" /><testcase classname="tests.test_leadgen_features.TestBulkLeadOperations" name="test_create_sequence_and_bulk_add" time="0.109" /><testcase classname="tests.test_leadgen_features.TestBulkLeadOperations" name="test_bulk_sequence_invalid_sequence" time="0.041" /><testcase classname="tests.test_leadgen_features.TestUsersEndpoint" name="test_admin_can_get_users" time="0.291" /><testcase classname="tests.test_leadgen_features.TestCleanup" name="test_cleanup_test_leads" time="0.792" /></testsuite></testsuites>