<?xml version="1.0" encoding="utf-8"?><testsuites name="pytest tests"><testsuite name="pytest" errors="0" failures="3" skipped="0" tests="19" time="1.747" timestamp="2026-01-10T03:33:44.246247+00:00" hostname="agent-env-8a264ef6-1447-4222-a95e-be7c28fce1b2"><testcase classname="tests.test_notifications_routes.TestAuthAndSetup" name="test_login_success" time="0.283" /><testcase classname="tests.test_notifications_routes.TestNotificationEndpoints" name="test_get_notifications" time="0.304" /><testcase classname="tests.test_notifications_routes.TestNotificationEndpoints" name="test_get_notifications_with_limit" time="0.042" /><testcase classname="tests.test_notifications_routes.TestNotificationEndpoints" name="test_generate_smart_notifications" time="0.039" /><testcase classname="tests.test_notifications_routes.TestNotificationEndpoints" name="test_mark_all_notifications_read" time="0.036"><failure message="assert 422 == 200&#10; +  where 422 = &lt;Response [422]&gt;.status_code">tests/test_notifications_routes.py:123: in test_mark_all_notifications_read
    assert response.status_code == 200
E   assert 422 == 200
E    +  where 422 = &lt;Response [422]&gt;.status_code</failure></testcase><testcase classname="tests.test_notifications_routes.TestNotificationEndpoints" name="test_mark_specific_notifications_read" time="0.069"><failure message="assert 422 == 200&#10; +  where 422 = &lt;Response [422]&gt;.status_code">tests/test_notifications_routes.py:143: in test_mark_specific_notifications_read
    assert response.status_code == 200
E   assert 422 == 200
E    +  where 422 = &lt;Response [422]&gt;.status_code</failure></testcase><testcase classname="tests.test_notifications_routes.TestNotificationEndpoints" name="test_mark_read_no_params" time="0.033"><failure message="assert 422 == 200&#10; +  where 422 = &lt;Response [422]&gt;.status_code">tests/test_notifications_routes.py:152: in test_mark_read_no_params
    assert response.status_code == 200
E   assert 422 == 200
E    +  where 422 = &lt;Response [422]&gt;.status_code</failure></testcase><testcase classname="tests.test_notifications_routes.TestNotificationEndpoints" name="test_delete_notification_not_found" time="0.038" /><testcase classname="tests.test_notifications_routes.TestNotificationEndpoints" name="test_get_notification_preferences" time="0.042" /><testcase classname="tests.test_notifications_routes.TestNotificationEndpoints" name="test_update_notification_preferences" time="0.114" /><testcase classname="tests.test_notifications_routes.TestNotificationEndpoints" name="test_get_digest_preview" time="0.032" /><testcase classname="tests.test_notifications_routes.TestNotificationEndpoints" name="test_send_digest_disabled" time="0.113" /><testcase classname="tests.test_notifications_routes.TestPushEndpoints" name="test_get_vapid_public_key" time="0.292" /><testcase classname="tests.test_notifications_routes.TestPushEndpoints" name="test_get_push_status" time="0.038" /><testcase classname="tests.test_notifications_routes.TestUnauthorizedAccess" name="test_notifications_requires_auth" time="0.032" /><testcase classname="tests.test_notifications_routes.TestUnauthorizedAccess" name="test_generate_requires_auth" time="0.033" /><testcase classname="tests.test_notifications_routes.TestUnauthorizedAccess" name="test_preferences_requires_auth" time="0.033" /><testcase classname="tests.test_notifications_routes.TestUnauthorizedAccess" name="test_push_status_requires_auth" time="0.033" /><testcase classname="tests.test_notifications_routes.TestUnauthorizedAccess" name="test_vapid_key_requires_auth" time="0.036" /></testsuite></testsuites>