<?xml version="1.0" encoding="utf-8"?><testsuites name="pytest tests"><testsuite name="pytest" errors="0" failures="0" skipped="1" tests="18" time="2.149" timestamp="2026-01-02T22:20:57.453489+00:00" hostname="agent-env-49a2ab15-92e7-4dcb-9962-e133609ad3a2"><testcase classname="tests.test_booking_admin_users.TestBookingPublicAccess" name="test_get_booking_info_valid_user" time="0.073" /><testcase classname="tests.test_booking_admin_users.TestBookingPublicAccess" name="test_get_booking_info_invalid_user" time="0.036" /><testcase classname="tests.test_booking_admin_users.TestBookingPublicAccess" name="test_get_available_slots_valid_date" time="0.036" /><testcase classname="tests.test_booking_admin_users.TestBookingPublicAccess" name="test_get_available_slots_invalid_date_format" time="0.038" /><testcase classname="tests.test_booking_admin_users.TestBookingPublicAccess" name="test_create_booking_success" time="0.042" /><testcase classname="tests.test_booking_admin_users.TestBookingPublicAccess" name="test_create_booking_missing_required_fields" time="0.073" /><testcase classname="tests.test_booking_admin_users.TestAdminUserManagement" name="test_get_users_requires_auth" time="0.073" /><testcase classname="tests.test_booking_admin_users.TestAdminUserManagement" name="test_get_users_as_admin" time="0.297" /><testcase classname="tests.test_booking_admin_users.TestAdminUserManagement" name="test_create_user_as_admin" time="0.268" /><testcase classname="tests.test_booking_admin_users.TestAdminUserManagement" name="test_create_user_duplicate_email" time="0.033" /><testcase classname="tests.test_booking_admin_users.TestAdminUserManagement" name="test_create_user_invalid_role" time="0.039" /><testcase classname="tests.test_booking_admin_users.TestAdminUserManagement" name="test_update_user_as_admin" time="0.293" /><testcase classname="tests.test_booking_admin_users.TestAdminUserManagement" name="test_update_nonexistent_user" time="0.036" /><testcase classname="tests.test_booking_admin_users.TestAdminUserManagement" name="test_delete_user_as_admin" time="0.287" /><testcase classname="tests.test_booking_admin_users.TestAdminUserManagement" name="test_delete_nonexistent_user" time="0.040" /><testcase classname="tests.test_booking_admin_users.TestAdminUserManagement" name="test_cannot_delete_self" time="0.051" /><testcase classname="tests.test_booking_admin_users.TestNonAdminAccess" name="test_employee_cannot_access_admin_users" time="0.306"><skipped type="pytest.skip" message="Employee test account not available">/app/tests/test_booking_admin_users.py:391: Employee test account not available</skipped></testcase><testcase classname="tests.test_booking_admin_users.TestBookingLinkGeneration" name="test_get_booking_link_as_admin" time="0.039" /></testsuite></testsuites>