<?xml version="1.0" encoding="utf-8"?><testsuites name="pytest tests"><testsuite name="pytest" errors="0" failures="1" skipped="0" tests="31" time="28.638" timestamp="2026-01-06T03:01:23.293261+00:00" hostname="agent-env-fca454ee-fcaa-4177-8f61-531e6931147a"><testcase classname="tests.test_backend_api.TestAuth" name="test_login_success" time="0.295" /><testcase classname="tests.test_backend_api.TestAuth" name="test_login_invalid_credentials" time="0.038" /><testcase classname="tests.test_backend_api.TestAuth" name="test_register_new_user" time="0.270" /><testcase classname="tests.test_backend_api.TestAuth" name="test_get_current_user" time="0.307" /><testcase classname="tests.test_backend_api.TestLeads" name="test_get_leads" time="0.303" /><testcase classname="tests.test_backend_api.TestLeads" name="test_create_lead" time="0.307" /><testcase classname="tests.test_backend_api.TestLeads" name="test_get_single_lead" time="8.167" /><testcase classname="tests.test_backend_api.TestLeads" name="test_update_lead" time="3.764" /><testcase classname="tests.test_backend_api.TestLeads" name="test_update_lead_stage" time="4.304" /><testcase classname="tests.test_backend_api.TestStats" name="test_get_stats" time="0.311" /><testcase classname="tests.test_backend_api.TestStats" name="test_get_insights" time="0.300" /><testcase classname="tests.test_backend_api.TestTasks" name="test_get_tasks" time="0.302" /><testcase classname="tests.test_backend_api.TestTasks" name="test_create_task" time="0.303" /><testcase classname="tests.test_backend_api.TestTasks" name="test_complete_task" time="0.330" /><testcase classname="tests.test_backend_api.TestCalendar" name="test_get_calendar_events" time="0.289" /><testcase classname="tests.test_backend_api.TestCalendar" name="test_create_calendar_event" time="0.312" /><testcase classname="tests.test_backend_api.TestChat" name="test_get_channels" time="0.302" /><testcase classname="tests.test_backend_api.TestChat" name="test_send_message" time="0.333" /><testcase classname="tests.test_backend_api.TestCallAnalytics" name="test_get_call_stats" time="0.296" /><testcase classname="tests.test_backend_api.TestCallAnalytics" name="test_get_call_logs" time="0.294" /><testcase classname="tests.test_backend_api.TestAdminUsers" name="test_get_admin_users" time="0.292" /><testcase classname="tests.test_backend_api.TestAdminUsers" name="test_get_users" time="0.298" /><testcase classname="tests.test_backend_api.TestEmail" name="test_get_email_templates" time="0.291" /><testcase classname="tests.test_backend_api.TestEmail" name="test_generate_ai_email" time="0.289"><failure message="AssertionError: Generate email failed: {&quot;detail&quot;:[{&quot;type&quot;:&quot;missing&quot;,&quot;loc&quot;:[&quot;body&quot;,&quot;prompt&quot;],&quot;msg&quot;:&quot;Field required&quot;,&quot;input&quot;:{&quot;lead_id&quot;:null,&quot;context&quot;:&quot;Follow up on product demo&quot;,&quot;tone&quot;:&quot;professional&quot;},&quot;url&quot;:&quot;https://errors.pydantic.dev/2.12/v/missing&quot;}]}&#10;assert 422 in [200, 500]&#10; +  where 422 = &lt;Response [422]&gt;.status_code">tests/test_backend_api.py:446: in test_generate_ai_email
    assert response.status_code in [200, 500], f"Generate email failed: {response.text}"
E   AssertionError: Generate email failed: {"detail":[{"type":"missing","loc":["body","prompt"],"msg":"Field required","input":{"lead_id":null,"context":"Follow up on product demo","tone":"professional"},"url":"https://errors.pydantic.dev/2.12/v/missing"}]}
E   assert 422 in [200, 500]
E    +  where 422 = &lt;Response [422]&gt;.status_code</failure></testcase><testcase classname="tests.test_backend_api.TestBooking" name="test_get_booking_info" time="0.295" /><testcase classname="tests.test_backend_api.TestBooking" name="test_get_booking_slots" time="0.312" /><testcase classname="tests.test_backend_api.TestActivities" name="test_get_activities" time="0.296" /><testcase classname="tests.test_backend_api.TestSequencesAndTemplates" name="test_get_sequences" time="0.290" /><testcase classname="tests.test_backend_api.TestSequencesAndTemplates" name="test_get_templates" time="0.290" /><testcase classname="tests.test_backend_api.TestAppointments" name="test_get_appointments" time="0.289" /><testcase classname="tests.test_backend_api.TestAIAssistant" name="test_assistant_chat" time="4.420" /></testsuite></testsuites>