<?xml version="1.0" encoding="utf-8"?><testsuites name="pytest tests"><testsuite name="pytest" errors="0" failures="0" skipped="0" tests="16" time="4.695" timestamp="2026-01-07T05:53:49.114155+00:00" hostname="agent-env-fca454ee-fcaa-4177-8f61-531e6931147a"><testcase classname="tests.test_voice_calls.TestVoiceCallEndpoints" name="test_twilio_configuration_check" time="0.321" /><testcase classname="tests.test_voice_calls.TestVoiceCallEndpoints" name="test_initiate_call_missing_number" time="0.306" /><testcase classname="tests.test_voice_calls.TestVoiceCallEndpoints" name="test_initiate_call_valid_number" time="0.499" /><testcase classname="tests.test_voice_calls.TestVoiceCallEndpoints" name="test_get_call_status_invalid_sid" time="0.350" /><testcase classname="tests.test_voice_calls.TestVoiceCallEndpoints" name="test_hangup_call_invalid_sid" time="0.357" /><testcase classname="tests.test_voice_calls.TestVoiceCallEndpoints" name="test_get_call_logs" time="0.344" /><testcase classname="tests.test_voice_calls.TestVoiceCallEndpoints" name="test_get_call_logs_with_lead_filter" time="0.298" /><testcase classname="tests.test_voice_calls.TestVoiceCallEndpoints" name="test_get_call_stats" time="0.336" /><testcase classname="tests.test_voice_calls.TestVoiceCallEndpoints" name="test_log_call_manually" time="0.343" /><testcase classname="tests.test_voice_calls.TestVoiceCallEndpoints" name="test_transcribe_call_not_found" time="0.298" /><testcase classname="tests.test_voice_calls.TestVoiceCallEndpoints" name="test_transcribe_call_no_recording" time="0.339" /><testcase classname="tests.test_voice_calls.TestVoiceWebhooks" name="test_voice_events_webhook" time="0.037" /><testcase classname="tests.test_voice_calls.TestVoiceWebhooks" name="test_recording_callback_webhook" time="0.044" /><testcase classname="tests.test_voice_calls.TestVoiceWebhooks" name="test_dial_status_webhook" time="0.039" /><testcase classname="tests.test_voice_calls.TestCallAnalytics" name="test_call_stats_structure" time="0.299" /><testcase classname="tests.test_voice_calls.TestPhoneNumberFormatting" name="test_e164_format_preserved" time="0.429" /></testsuite></testsuites>