<?xml version="1.0" encoding="utf-8"?><testsuites name="pytest tests"><testsuite name="pytest" errors="0" failures="3" skipped="0" tests="16" time="4.848" timestamp="2026-01-07T05:50:32.566101+00:00" hostname="agent-env-fca454ee-fcaa-4177-8f61-531e6931147a"><testcase classname="tests.test_voice_calls.TestVoiceCallEndpoints" name="test_twilio_configuration_check" time="0.387" /><testcase classname="tests.test_voice_calls.TestVoiceCallEndpoints" name="test_initiate_call_missing_number" time="0.305" /><testcase classname="tests.test_voice_calls.TestVoiceCallEndpoints" name="test_initiate_call_valid_number" time="0.525" /><testcase classname="tests.test_voice_calls.TestVoiceCallEndpoints" name="test_get_call_status_invalid_sid" time="0.366"><failure message="AssertionError: Expected 500 for invalid SID, got 520&#10;assert 520 == 500&#10; +  where 520 = &lt;Response [520]&gt;.status_code">tests/test_voice_calls.py:80: in test_get_call_status_invalid_sid
    assert response.status_code == 500, f"Expected 500 for invalid SID, got {response.status_code}"
E   AssertionError: Expected 500 for invalid SID, got 520
E   assert 520 == 500
E    +  where 520 = &lt;Response [520]&gt;.status_code</failure></testcase><testcase classname="tests.test_voice_calls.TestVoiceCallEndpoints" name="test_hangup_call_invalid_sid" time="0.357"><failure message="AssertionError: Expected 500 for invalid SID, got 520&#10;assert 520 == 500&#10; +  where 520 = &lt;Response [520]&gt;.status_code">tests/test_voice_calls.py:91: in test_hangup_call_invalid_sid
    assert response.status_code == 500, f"Expected 500 for invalid SID, got {response.status_code}"
E   AssertionError: Expected 500 for invalid SID, got 520
E   assert 520 == 500
E    +  where 520 = &lt;Response [520]&gt;.status_code</failure></testcase><testcase classname="tests.test_voice_calls.TestVoiceCallEndpoints" name="test_get_call_logs" time="0.298"><failure message="AssertionError: Get call logs failed: Internal Server Error&#10;assert 520 == 200&#10; +  where 520 = &lt;Response [520]&gt;.status_code">tests/test_voice_calls.py:97: in test_get_call_logs
    assert response.status_code == 200, f"Get call logs failed: {response.text}"
E   AssertionError: Get call logs failed: Internal Server Error
E   assert 520 == 200
E    +  where 520 = &lt;Response [520]&gt;.status_code</failure></testcase><testcase classname="tests.test_voice_calls.TestVoiceCallEndpoints" name="test_get_call_logs_with_lead_filter" time="0.303" /><testcase classname="tests.test_voice_calls.TestVoiceCallEndpoints" name="test_get_call_stats" time="0.301" /><testcase classname="tests.test_voice_calls.TestVoiceCallEndpoints" name="test_log_call_manually" time="0.387" /><testcase classname="tests.test_voice_calls.TestVoiceCallEndpoints" name="test_transcribe_call_not_found" time="0.341" /><testcase classname="tests.test_voice_calls.TestVoiceCallEndpoints" name="test_transcribe_call_no_recording" time="0.338" /><testcase classname="tests.test_voice_calls.TestVoiceWebhooks" name="test_voice_events_webhook" time="0.036" /><testcase classname="tests.test_voice_calls.TestVoiceWebhooks" name="test_recording_callback_webhook" time="0.035" /><testcase classname="tests.test_voice_calls.TestVoiceWebhooks" name="test_dial_status_webhook" time="0.042" /><testcase classname="tests.test_voice_calls.TestCallAnalytics" name="test_call_stats_structure" time="0.297" /><testcase classname="tests.test_voice_calls.TestPhoneNumberFormatting" name="test_e164_format_preserved" time="0.421" /></testsuite></testsuites>