<?xml version="1.0" encoding="utf-8"?><testsuites name="pytest tests"><testsuite name="pytest" errors="0" failures="0" skipped="0" tests="16" time="4.719" timestamp="2026-01-07T05:51:36.834922+00:00" hostname="agent-env-fca454ee-fcaa-4177-8f61-531e6931147a"><testcase classname="tests.test_voice_calls.TestVoiceCallEndpoints" name="test_twilio_configuration_check" time="0.342" /><testcase classname="tests.test_voice_calls.TestVoiceCallEndpoints" name="test_initiate_call_missing_number" time="0.299" /><testcase classname="tests.test_voice_calls.TestVoiceCallEndpoints" name="test_initiate_call_valid_number" time="0.426" /><testcase classname="tests.test_voice_calls.TestVoiceCallEndpoints" name="test_get_call_status_invalid_sid" time="0.361" /><testcase classname="tests.test_voice_calls.TestVoiceCallEndpoints" name="test_hangup_call_invalid_sid" time="0.399" /><testcase classname="tests.test_voice_calls.TestVoiceCallEndpoints" name="test_get_call_logs" time="0.308" /><testcase classname="tests.test_voice_calls.TestVoiceCallEndpoints" name="test_get_call_logs_with_lead_filter" time="0.297" /><testcase classname="tests.test_voice_calls.TestVoiceCallEndpoints" name="test_get_call_stats" time="0.298" /><testcase classname="tests.test_voice_calls.TestVoiceCallEndpoints" name="test_log_call_manually" time="0.339" /><testcase classname="tests.test_voice_calls.TestVoiceCallEndpoints" name="test_transcribe_call_not_found" time="0.300" /><testcase classname="tests.test_voice_calls.TestVoiceCallEndpoints" name="test_transcribe_call_no_recording" time="0.341" /><testcase classname="tests.test_voice_calls.TestVoiceWebhooks" name="test_voice_events_webhook" time="0.078" /><testcase classname="tests.test_voice_calls.TestVoiceWebhooks" name="test_recording_callback_webhook" time="0.053" /><testcase classname="tests.test_voice_calls.TestVoiceWebhooks" name="test_dial_status_webhook" time="0.038" /><testcase classname="tests.test_voice_calls.TestCallAnalytics" name="test_call_stats_structure" time="0.341" /><testcase classname="tests.test_voice_calls.TestPhoneNumberFormatting" name="test_e164_format_preserved" time="0.426" /></testsuite></testsuites>